<?xml version="1.0" encoding="UTF-8"?>
<!-- Generated by org.testng.reporters.JUnitReportReporter -->
<testsuite hostname="DESKTOP-7D6M7IH" failures="0" tests="1" name="Play_write_Hrm_orange.Test_Case_class" time="15.871" errors="0" timestamp="2023-07-28T17:20:48 IST" skipped="0">
  <testcase classname="Play_write_Hrm_orange.Test_Case_class" name="valid_credentials" time="15.871"/>
</testsuite> <!-- Play_write_Hrm_orange.Test_Case_class -->
