<?xml version="1.0" encoding="UTF-8"?>
<!-- Generated by org.testng.reporters.JUnitReportReporter -->
<testsuite hostname="DESKTOP-7D6M7IH" failures="0" tests="2" name="TestNg.Test_3" time="0.011" errors="0" timestamp="2023-07-18T14:47:48 IST" skipped="0">
  <testcase classname="TestNg.Test_3" name="bags" time="0.005"/>
  <testcase classname="TestNg.Test_3" name="travelling" time="0.006"/>
</testsuite> <!-- TestNg.Test_3 -->
