<?xml version="1.0" encoding="UTF-8"?>
<!-- Generated by org.testng.reporters.JUnitReportReporter -->
<testsuite hostname="DESKTOP-7D6M7IH" failures="0" tests="1" name="TestNg.Test_1" time="0.027" errors="0" timestamp="2023-07-18T14:47:48 IST" skipped="0">
  <testcase classname="TestNg.Test_1" name="m3" time="0.027"/>
</testsuite> <!-- TestNg.Test_1 -->
