<?xml version="1.0" encoding="UTF-8"?>
<!-- Generated by org.testng.reporters.JUnitReportReporter -->
<testsuite hostname="DESKTOP-7D6M7IH" failures="0" tests="6" name="TestNg.Test_2" time="0.075" errors="0" timestamp="2023-07-18T14:32:42 IST" skipped="0">
  <testcase classname="TestNg.Test_2" name="m3" time="0.021"/>
  <testcase classname="TestNg.Test_2" name="m2" time="0.005"/>
  <testcase classname="TestNg.Test_2" name="m4" time="0.014"/>
  <testcase classname="TestNg.Test_2" name="m" time="0.022"/>
  <testcase classname="TestNg.Test_2" name="m1" time="0.006"/>
  <testcase classname="TestNg.Test_2" name="m5" time="0.007"/>
</testsuite> <!-- TestNg.Test_2 -->
